                     SINGULAR                                 /  Development
 A Computer Algebra System for Polynomial Computations       /   version 4.4.0
                                                           0<
 by: W. Decker, G.-M. Greuel, G. Pfister, H. Schoenemann     \   Apr 2024
FB Mathematik der Universitaet, D-67653 Kaiserslautern        \
> string cmd = read("gb_1373_b10f206d3722f7280b15.sing");
> execute(cmd);
std in (ZZ/2),(x_0,x_1,x_2,x_3,x_4,x_5,x_6,x_7,x_8,x_9,x_10,x_11,x_12,x_13,x_14,x_15,x_16,x_17,x_18,x_19,x_20,x_21,x_22,x_23,x_24,x_25,x_26,x_27,x_28,x_29,x_30,x_31,x_32,x_33,x_34,x_35,x_36,x_37,x_38,x_39,x_40,x_41,x_42,x_43,x_44,x_45,x_46,x_47,x_48,x_49,x_50,x_51,x_52,x_53,x_54,x_55,x_56,x_57,x_58,x_59,x_60,x_61,x_62,x_63,x_64,x_65,x_66,x_67,x_68,x_69,x_70,x_71,x_72,x_73,x_74,x_75,x_76,x_77,x_78,x_79),(dp(80),C)
[65535:21]2(1452)s(1451)s(1450)s(1449)s(1448)s(1447)s(1446)s(1445)s(1444)s(1443)s(1442)s(1441)s(1440)s(1439)s(1438)s(1437)s(1436)s(1435)s(1434)s(1433)s(1432)s(1431)s(1430)s(1429)s(1428)s(1427)s(1426)s(1425)s(1424)s(1423)s(1422)s(1421)s(1420)s(1419)s(1418)s(1417)s(1416)s(1415)s(1414)s(1413)s(1412)s(1411)s(1410)s(1409)s(1408)s(1407)s(1406)s(1405)s(1404)s(1403)s(1402)s(1401)s(1400)s(1399)s(1398)s(1397)s(1396)s(1395)s(1394)s(1393)s(1392)s(1391)s(1390)s(1389)s(1388)s(1387)s(1386)s(1385)s(1384)s(1383)s(1382)s(1381)s(1380)s(1379)s(1378)s(1377)s(1376)s(1375)s(1374)s(1373)s4(1372)s(1375)s(1378)s(1382)s5(1385)s(1389)s(1393)s(1397)s(1401)s(1406)s(1411)s(1415)s(1421)s(1425)s(1429)s(1433)s(1437)s(1442)s(1447)s(1451)s(1455)-s(1461)s(1469)s(1475)s(1487)s(1500)-s(1514)s(1529)s6(1540)-s(1544)s(1549)--s(1553)s(1558)-----s-s(1564)---s(1568)-s(1575)-s(1583)-s(1591)------------ss(1605)---s(1608)s(1614)-s(1619)s(1627)-s(1633)s(1639)s(1650)s(1663)---------s(1671)s(1688)---------s(1696)s(1717)s(1722)s(1727)s(1732)s(1737)--------------s(1739)s(1762)s(1778)s(1801)-(1800)--s(1818)--s(1845)s(1861)s(1877)s(1893)-s(1919)s(1943)-s(1956)s(1968)s(1988)s(2008)---s(2028)s(2051)s(2072)---s(2088)s(2108)-----s(2112)s(2130)s(2161)s(2170)-s(2199)s(2227)s(2253)s(2279)s(2299)s7(2340)----------------------------------------(2300)----------------------------------------------------------------s(2267)----------s(2291)------------------------------s(2297)s(2332)----s(2344)s(2360)s(2374)s(2388)----------------s(2404)-s(2436)----s(2457)s(2482)---s(2511)----s(2532)s(2557)----------------------------------------s(2545)s(2573)---s(2602)s(2634)-----------------------s(2644)s(2677)s(2688)s(2717)s(2738)---s(2744)s(2777)s(2810)-s(2841)s(2873)------------s(2895)-s(2903)---(2900)-s(2932)--s(2965)s(3000)-s(3036)s(3072)---s(3088)--s(3110)-s(3154)s(3197)---s(3211)s(3224)---s(3248)--s(3267)--------s(3293)s(3323)s(3351)------------s(3349)s(3359)s(3369)s(3379)-------s(3429)s(3488)s(3499)s(3510)s(3545)-s(3590)----s(3598)s(3610)-s(3667)-s(3678)s(3695)s(3636)-s(3679)s(3717)s(3761)s(3799)---------s(3820)s(3836)s(3858)s(3889)s(3922)s(3935)s(3965)s(3995)-s(4028)s(4077)-s(4164)s8(4252)-s(4218)s(4179)-----------------------------------s(4203)---(4200)----------s(4246)---------------------s(4281)--s(4338)--s(4394)s(4455)s(4514)-s(4537)---------s(4557)------s(4614)s(4700)-s(4750)--s(4812)s(4899)-s(4949)---------s(4975)------------s(4431)------s(4476)------------s(4507)----s(4551)--s(4600)----------s(4635)----s(4681)------s(4701)-(4700)-------------s(4749)s(4815)--------s(4846)s(4881)---s(4917)s(4956)--------------------------------------------------------(4900)-----------s(4922)s(4952)-----s(4977)s(5004)--s(5030)--s(5056)s(5092)s(5122)s(5143)-s(5153)s(5167)-s(5177)s(5189)--------------s(5203)---(5200)----s(5223)-s(5252)s(5278)s(5306)------(5300)---s(5375)--s(5418)-----s(5458)-------------s(5464)s(5484)----------------s(5481)s(5494)----s(5535)--s(5125)s(5137)s(5155)-s(5166)s(5178)--s(5188)s(5206)-s(5217)s(5229)---s(5270)s(5284)----s(5294)-------s(5299)s(5309)------s(5316)s(5329)--s(5338)s(5349)----------s(5356)---s(5417)s(5434)---s(5485)-s(5513)-------s(5557)----------s(5570)---s(5616)s(5664)---s(5715)s(5768)--------------s(5771)s(5789)s(5808)s(5827)---------------------------(5800)--s(5825)s(5847)s(5864)s(5899)s(5934)-s(5964)s(5990)s(6025)s(6060)-s(6092)s(6118)-----s(5287)s(5300)-s(5322)-------s(5333)-----s(5346)-----s(5382)s(5422)s(5481)s(5539)-------s(5615)s(5697)s(5777)---------s(5846)s(5878)s(5964)---s(6045)s(6129)---s(6205)s(6284)s(6371)---s(6399)s(6449)--s(6493)s(6546)s(6599)s(6622)s(6305)-----(6300)---s(6368)s(6410)-------s(6435)--s(6469)s(6506)s(6567)s(6608)-s(6638)--s(6669)s(6702)s(6743)-s(6834)s(6927)s(7023)s(7120)-s(7181)-s(7232)-s(7252)s(7308)-s(6991)s(6978)-----------s(6992)s(7047)s(7080)s(7125)s(7156)s(7188)s(6415)-s(6436)9-s(6004)s(5569)s(5270)s(5002)--(5000)-s(4930)s(4824)s(4713)-----------s-s(4722)s(4746)s(4806)---s(4859)s(4897)--s(4932)-s(4972)----------------------s(4999)----s(5044)---------s(5084)----s(5129)----------s(5151)s(5185)---s(5233)s(5284)s(5324)s(5368)-s(5446)------------------------s(5436)------------------------------------(5400)-----------ss(5413)s(5427)-s(5440)s(5454)--------------------------s(5474)s(5520)-----s(5561)s(5607)-------(5600)-------------s(5633)s(5679)-----s(5720)s(5766)--------s(5776)s(5788)s(5807)s(5825)s(5838)s(5850)--s(5866)s(5879)s(5898)s(5916)s(5930)s(5943)-------------------------------------------(5900)---------s(5911)-----------(5900)--s(5953)--------s(6000)-----------------s(6003)---(6000)--s(6051)--------s(6096)------------------------------------------------s(6108)s(6179)s(6250)----s(6313)s(6380)---s(6434)s(6491)-s(6540)---------s(6580)s(6629)-s(6686)s(6744)---------s(6781)--s(6858)-s(6889)s(6992)----------s(7029)s(7076)-s(7126)s(7177)---------------------s(7187)s(7288)-----------s(7320)--s(7365)s(7383)s(7415)s(7436)------------------------------------(7400)--------------s(7446)s(7511)--s(7555)s(7603)s(7633)s(7667)-----s(7736)--s(7810)--------s(7864)s(7932)s(7989)s(8051)s(8116)s(8151)----------------s(8251)s(8370)-s(8466)s(8493)-s(8537)s(8582)----------s(8623)s(8712)s(8801)s(8891)s(8981)--s(9037)s(9133)s(9229)s(9326)s(9423)s(9446)s(9496)s(9594)s(9654)------------------------------------------------------(9600)-----s(9674)s(9786)-s(9847)s(9956)-------s(10002)s(10048)s(10096)s(10165)-s(10307)s(10445)s(10527)s(10608)s(10683)s(10745)s(10794)s(10854)s(10913)s(10984)--s(11015)s(11073)s(11196)s(11324)s(11498)--s(11624)s(11719)s(11774)s(11841)s(11890)s(11956)-s(12005)s(12059)s(12111)s(12158)s(12208)s(12262)---------s(12312)s(12349)-s(12430)s(12516)s(12572)s(12628)-s(12756)s(12016)s(12057)s(12144)-s(12200)s(12295)s(12330)s(12422)s(12470)s(12543)s(12616)-s(12679)-s(12732)s(12772)-s(12831)s(12948)--s(12981)s(12915)s(13016)s(13181)--s(13218)s(13307)--s(13368)s(13534)s(13621)s(13737)-s(13776)s(13831)10---------------------s(13815)---s(13817)-----------------(13800)--------------------------s(13850)s(13958)s(14059)--------------------------------------------------------s(14159)s(14214)--s(14356)---------s(14453)---------s(14515)-s(14592)---s(14681)----s(14732)s(14816)------s(14913)s(15096)s(15293)----s(15340)s(15392)-----s(15443)s(15500)-------s(15541)s(15574)--s(15625)s(15658)--s(15708)s(15763)------------------------------------s(15838)s(15964)--s(16077)s(16198)----------s(16219)s(16291)---s(16471)----s(16492)s(16567)---s(16751)-----------s(16784)------------------------------------------------------------------------------------(16700)-----s(16622)s(16652)---s(16640)-s(16687)---s(16664)-s(16691)----s(16738)s(16766)--------s(16800)--s(16831)s(16854)s(16899)s(16944)-s(16997)s(17056)s(17117)s(17180)s(17288)----s(17395)------------------------------s(17455)----------s(17533)-------------------s(17606)s(17700)----------------------------------------------------s(17685)-----s(17724)------s(17750)-----s(17780)--------------------------------------------------------------------------------(17700)-------------s(17723)-------------------s(17764)s(17848)s(17936)-----s(18020)s(18120)------s(18162)-s(18210)-s(18240)s(18317)s(18401)s(18447)s(18483)s(18512)-s(18544)-----s(18586)s(18623)s(18653)-s(18686)--s(18776)s(18879)-----s(18933)s(18991)s(19081)s(19170)s(19270)s(19369)-----s(19387)-s(19482)--------s(19534)s(19593)s(19684)s(19774)s(19878)s(19981)-------------s(20038)s(20119)----s(20172)--s(20251)-----s(20330)---s(20415)s(20513)-------------(20500)-s(20330)-s(20410)-s(20612)s(20681)s(20774)s(20821)s(20898)-s(21106)s(21209)s(21256)s(21328)s(21518)s(21713)s(21824)s(21920)s(22100)s(22274)-------------------------------------------------------------s(22342)--s(22459)-----------------------------------------------------------(22400)-------s(22494)s(22596)s(22641)-s(22746)s(22784)s(21570)------------s(21660)s(21764)s(21836)s(21915)s(21993)s(22074)s(22142)s(22207)-s(22342)s(22478)-s(22575)s(22616)----s(22679)s(22753)s(22823)s(22896)s(22965)s(23031)-s(23157)s(23284)-s(23375)s(23418)-------s(23523)s(23637)---------s(23765)s(23915)---------------(23900)s(24028)s(24169)--------------------------s(24222)s(24303)s(24348)s(24404)--s(24488)s(24576)s(24628)s(24691)-------------------------------s(24712)s(24778)--s(24829)s(24895)--------------s(24980)s(25019)----s(25119)s(25157)---------------------s(25271)s(25405)s(25548)s(25689)-s(25673)-s(25798)--s(25936)-----s(26076)s(26234)---------------s(26277)---s(26396)s(26525)----s(26578)s(26642)s(26703)s(26760)--s(26823)s(26895)s(26964)s(27029)s(27061)s(27083)s(27110)-----s(27148)s(27214)s(27285)-s(27347)s(27414)--------------(27400)-----------------s(27461)---s(27541)--s(27596)--s(27705)s(27836)--s(27972)s(28005)s(28069)-----------s(28172)s(28306)--s(28445)s(28486)s(28551)----------------s(28615)-------s(28726)s(28842)----s(28947)s(29054)s(29182)s(29228)-s(29350)s(29386)-----s(29512)s(29584)-s(29612)s(29640)----s(29668)-----s(29695)s(29743)s(29830)s(29913)s(30000)s(30083)-------------------s(30178)s(30284)s(30396)s(30500)--s(30606)s(30706)s(30812)s(30910)s(31024)s(31136)s(31250)s(31362)s(31481)s(31592)s(31709)s(31818)------------------(31800)-s(31913)s(32019)s(32131)s(32235)--s(32347)s(32453)s(32565)s(32669)s(32740)s(32823)s(32961)s(33059)s(33130)s(33208)s(33305)s(33439)s(33541)s(33608)--s(33238)-----------s(33275)------------------s(33335)s(33402)s(33462)s(33496)s(33802)s(34108)s(34175)s(34250)s(34490)s(34721)s(34797)s(35032)s(35263)s(35344)---------s(35446)s(35492)s(35544)s(35499)s(35566)s(35632)s(35664)s(35716)s(32462)s(32517)s(32574)s(32626)s(32678)s(32704)-s(32902)s(33110)-s(33270)s(33437)--s(33507)s(33582)s(33658)s(33740)s(33751)s(33808)s(33837)s(33193)s(33227)s(33441)s(33521)s(33651)---s(33689)s(33751)s(33793)-s(33834)-------s(33823)s(33867)s(33945)-s(33997)s(34082)s(34216)s(34257)s(34301)s(34201)s(34005)-s(33286)-s(33317)-s(33432)-s(33664)s(33765)s(33223)-s(33256)s(32103)-s(32300)s(32439)s(32472)s(32517)s(32610)s(31707)s(31793)-s(31885)s(32009)s(32058)-s(32118)s(32198)s(32275)s(32410)s(31892)s(31990)s(31885)s(32064)s(32148)s(32215)----s(32348)s(32494)s(32651)s(32797)s(30549)s(30732)s(30743)s(30794)s(30841)s(30901)s(30465)-s(27182)s(27301)s(27480)s(27544)s(27629)-s11(22967)s(19724)s(17737)-------------------------------------(17700)-------s(17549)s(17163)s(16389)------------------------------------------------------------------------------s(16351)s(16390)---s(16434)s(16480)--------------------------------s(16526)--------------------------(16500)-s(16064)s(15916)s(15988)--s(16055)s(16128)-s(16144)s(16211)s(16276)s(16376)s(16453)s(16558)s(16634)s(16725)s(16789)s(16880)----s(16924)s(16999)--------------------------s(17018)s(17089)--------------s(17142)s(17196)-----s(17233)s(17301)s(17371)s(17445)s(17517)----------s(17583)s(17621)--------------------s(17628)----------------------------(17600)-----------------------------s(17700)s(17855)s(17976)s(18132)-----------s(17134)s(14959)--s(15004)----(15000)-s(15144)s(15189)-s(15309)s(15353)s(15433)s(15533)s(15576)-s(15621)s(15665)s(15688)s(15732)s(15791)---s(15892)s(15930)s(16018)s(16112)s(16149)-s(16184)s(16217)s(16237)s(16269)s(16316)s(16377)s(16451)s(16599)------s(16615)s(16641)--s(16670)s(16728)s(16751)s(16772)s(16802)s(16872)s(16899)s(16923)s(16944)s(16964)s(17071)s(17104)s(17186)s(17270)-------------s(17281)s(17309)s(17340)s(17388)s(17412)s(17435)s(17465)s(17525)s(17553)s(17579)s(17602)s(17624)s(17721)s(17754)------------------s(17764)s(17792)s(17814)s(17869)--s(17898)s(17930)s(17951)s(18021)------------s(18031)s(18052)---s(18066)s(18094)-------------------s(18096)s(18116)---s(18139)s(18179)-------------s(18192)s(18217)s(18244)s(18274)-s(18300)s(18379)s(18468)s(18496)-s(18521)s(18540)----------------------------------------(18500)------------------------------------------------------------------s(18469)-------------s(18522)s(18614)s(18682)s(18776)------------------------------------------------s(18759)------s(18791)---------s(18837)s(18917)s(18974)s(19056)-------s(19075)s(19101)s(19145)s(19187)s(19213)s(19242)s(19294)s(19344)----s(19365)-------s(19393)------s(19417)s(19443)-----s(19479)-----------------s(19501)s(19552)-------------s(19678)s(19805)s(19945)s(20073)s(20213)s(20341)-------s(20451)----s(20564)------------------------------s(20573)-------------------------------------------------------------------------(20500)----------------------------------------------------------------------------------------------------(20400)----------------------------------------------------------------------------------------------------(20300)--------s(20296)s(20449)s(20528)s(20555)--s(20652)s(20732)s(20783)s(20806)---s(20897)s(20977)s(21017)s(21042)----s(21127)s(21166)s(21257)s(21298)-s(21376)s(21421)-s(21467)s(21498)--s(21571)s(21721)s(21870)s(22058)s(22238)s(22445)s(22621)s(22660)s(22700)s(22887)s(23065)-s(23150)s(23240)-s(23326)s(23417)--s(23522)s(23629)s(23743)s(23867)s(23916)s(23979)s(24029)s(24069)s(24112)----s(24214)s(24322)s(24424)s(24549)s(24611)s(24651)s(24693)------s(24721)s(24757)------s(24881)s(25019)---------------s(25022)s(25165)-----s(25224)s(25264)s(25333)s(25245)s(25305)---s(25359)s(25422)-s(25467)s(25500)s(25418)s(25599)s(25706)s(25900)s(25949)-s(25995)s(26030)-s(26247)-s(26358)s(26404)--s(26436)---s(26435)---s(26529)--------s(26594)-s(26654)-s(26670)s(26746)--------s(26789)--s(26777)---s(26880)--------s(26932)s(27006)-s(27063)-s(27080)s(27141)--------s(27241)-s(27292)s(27326)-s(27349)s(27426)s(27460)s(27516)----------------(27500)---------s(27605)s(27737)s(27860)s(27986)----------s(28077)s(28178)---s(28282)s(28391)-------s(23712)---------s(23782)s(23861)s(23940)s(24019)s(24081)s(24275)s(24374)s(24492)s(24564)-s(24652)s(24745)s(24830)s(24916)s(25001)s(25086)---s(25114)--s(25202)--(25200)----s(25305)s(25420)s(25423)s(25440)s(25524)s(25608)s(25740)s(25796)s(25871)s(25929)s(26056)s(25937)s(26016)s(26068)s(26119)s(26191)s(26258)s(26334)s(26404)s(26595)s(26650)s(26713)s(26753)-s(26808)s(26878)s(26911)---s(26951)s(27026)-s(27006)---s(27106)-s(27160)s(27076)s(27213)s(27245)-s(27322)s(5843)-s(5887)s(5944)-s(5988)s(6039)s(6074)s(6034)s(6092)s(6159)s(6208)s(6242)s(6308)s(6235)--s(6282)s(5088)s(5049)-s(5105)s(5139)s(5203)s(5255)-s(5310)-s(5345)s(5404)s(5377)s(5430)s(5469)s(5512)s(5550)s(5555)-s(5589)s(5599)-s(5645)s(5693)s(5737)s(5784)s(5827)-s(5847)s(5898)s(5933)s(5940)s(5999)s(6059)-s(5982)s(6020)s(6127)s(6201)-(6200)s(6259)s(6198)s(6209)s(5292)s(4870)s(4917)s(4967)s(4968)s(5020)s(4947)s(4975)s(5008)s(5068)-s(5052)---s(5100)s(5106)-s(5168)s(5198)s(5273)s(5309)-s(5180)s(5178)-s(5222)s12(5257)-------------------s(4464)----------------------------------------------------s(4437)s(4466)s(4509)s(4540)-------s(4511)s(4541)s(4573)s(4609)s(4638)-s(4675)s(4704)--s(4701)s(4740)-------s(4755)------s(4776)-----------s(4820)s(4843)s(4859)s(4884)s(4908)s(4948)s(4910)s(4908)-s(4929)s(4979)-s(5012)s(5048)s(5107)s(5151)s(5185)s(5227)s(5281)s(5334)s(5369)s(5396)--s(5426)-s(5485)s(5517)s(5558)---s(5585)s(5610)s(5652)s(5655)s(5704)s(5743)-s(5788)s(5820)-s(5861)--s(5901)s(5935)s(5971)s(6006)s(6063)---s(5966)s(6015)-s(6056)--s(6090)s(6140)s(6193)s(6238)s(6288)s(6344)s(6410)-s(6451)s(6483)s(6527)-s(6573)-s(5001)s(5024)s(4993)s(5043)-s(5090)s(5158)s(5203)s(5242)-s(5270)----s(5049)--s(5050)---s(5072)s(5109)s(4856)s(4885)s(4905)s(4930)--s(4850)s(4840)s(4880)s(4873)-s(4842)s(4585)-s(4630)s(4669)s(4705)s(4739)-s(4765)-s(4800)s(4824)s(4865)s(4906)s(4948)s(4982)s(4792)s(4833)s(4875)s(4906)s(4945)s(4979)-s(4801)s(4831)s(4881)-s(4871)s(4816)s(4839)s(4756)s(4817)s(4855)s(4893)s(4438)s(4465)-s(4514)s(4568)s(4584)s(4619)s(4664)s(4703)s(4725)s(4748)s(4794)s(4828)s(4865)s(4876)s(4914)s(4951)-s(5010)s(4994)s(5016)s(4302)s(4301)s(3913)s(3918)--s(3957)s(3994)s(4023)s(4049)s(4101)s(4156)s(4199)-s(4232)s(4262)s(4298)s(4324)s(4349)s(4369)s(4401)s(4195)s(4222)s(4257)s(4300)--s(4327)s(4366)s(4378)--s(4398)s(4429)-s(4467)---s(3062)-s(2929)s(2879)---s(2904)s(2921)-s(2589)--s(2603)s(2617)s(2627)-s(2638)-s(2644)s(2669)-s(2671)s(2659)s(2682)--s(2696)-s(2718)s(2735)s(2710)s(2732)s(2755)s13(2775)-s(2752)----------------------------------s(2689)------------------------s(2694)s(2716)s(2719)s(2742)-s(2768)--------s(2789)-------s(2804)s(2821)s(2848)s(2874)s(2898)s(2926)s(2944)s(2908)-s(2926)s(2924)s(2941)s(2967)--s(2979)s(2966)s(2988)s(3014)s(3041)-s(3056)-s(3071)s(3091)s(3079)--s(3103)--s(3123)s(3152)s(3150)-s(3173)s(3203)s(3229)s(3253)s(3270)-s(3304)-s(3061)s(2996)s(3020)s(3053)--s(3077)----s(3097)-s(3117)-s(3143)-------s(3122)--s(3143)s(3145)s(3164)---s(3184)s(3213)s(3245)s(3251)-s(3282)s(3298)s(3318)s(3344)s(3376)s(3413)s(3446)s(3444)s(3469)s(3490)-s(3519)s(3544)s(3577)s(3594)s(3582)s(3608)s(3674)s(3709)s(3730)s(3757)s(3789)-s(3803)-s(3833)---s(3825)s(3857)s(3880)s(3403)--s(3453)s(3475)s(3432)-s(3458)-s(3415)--s(3444)--s(3484)s(3135)s(3158)--s(3179)s(3201)-(3200)--s(3226)s(3059)s(3077)s(3104)s(2851)s(2876)s(2894)s(2908)-s(2923)s(2945)s(2967)s(2992)s(3008)s(3036)s(3062)s(3085)-s(3116)s(3139)s(3165)s(3002)-s(3000)--s(2948)s(2968)s(2964)-s(2602)s(2603)s(2411)s(2429)s(2448)s(2465)s(2483)s(2499)s(2465)s(2483)-s(2497)-s(2401)s(2419)s(2436)s(2454)s(2474)s(2497)-s(2517)-s(2533)s(2554)s(2564)--s(2579)s(2598)s(2476)s(2497)s(2491)s(2512)----s(2527)s(2543)--s(2552)s(2566)s(2584)s(2554)-s(2535)s(2554)s(2577)s(2570)s(2556)-s(2576)s(2592)----s(2608)s(2623)s(2640)s(2661)s(2677)-s(2687)s(2698)s(2654)-s(2662)-s(2687)-s(2698)--s(2706)s(2588)s(2603)s(2484)s(2508)-s(2464)---s(2432)-s(2446)s(2280)s(2292)s(2298)s(2223)s(2245)-s(2258)s(2263)-s(2275)s(2290)-s(2289)s(2249)s(2266)s(2193)---s(2167)-s14(2174)---------s(2176)s(2165)------s(2172)s(2185)-s(2195)s(2206)s(2209)---------(2200)s(2214)-----s(2222)----------s(2229)s(2228)s(2244)------s(2231)----------------s(2224)s(2239)s(2249)-s(2270)s(2284)-s(2305)---s(2325)s(2352)s(2329)s(2350)-------s(2365)----s(2359)s(2318)-s(2331)-s(2348)s(2369)s(2382)s(2399)-s(2421)s(2435)s(2430)s(2457)-s(2469)--s(2486)s(2487)s(2510)--s(2528)-----s(2531)s(2554)s(2535)s(2542)------s(2545)s(2561)s(2578)s(2607)s(2627)---s(2645)s(2662)--s(2685)s(2706)s(2718)s(2737)----s(2705)s(2723)s(2698)s(2710)--s(2732)--s(2750)--s(2741)-s(2748)----s(2772)-s(2487)s(2506)s(2525)s(2540)-s(2555)s(2565)s(2574)s(2596)s(2520)-s(2538)s(2555)s(2575)s(2607)-s(2624)s(2639)s(2646)s(2670)--s(2683)--s(2667)s(2681)---s(2698)-s(2720)s(2728)s(2695)s(2712)s(2727)s(2747)s(2775)-------s(2784)s(2765)--s(2781)s(2740)s(2746)s(2764)s(2689)s(2587)--s(2613)s(2629)---s(2651)s(2628)s(2569)s(2508)s(2346)s(2359)s(2381)-s(2399)s(2417)-s(2423)-s(2416)-s(2318)s(2333)-s(2353)s(2370)--s(2351)s(2364)-s(2377)-s(2390)--s(2347)-s(2361)s(2379)s(2399)s(2385)-s(2408)--s(2431)-s(2451)--s(2472)s(2489)s(2508)s(2530)s(2543)-s(2561)-------s(2554)s(2568)-s(2582)---s(2575)15-----------s(2518)s(2494)---------------s(2496)---s(2510)s(2442)s--s(2462)s(2484)-s(2497)s(2496)---s(2518)s(2482)--s(2496)s(2517)s(2537)s(2565)----s(2560)s(2582)------s(2571)s(2591)--s(2618)s(2607)s(2638)--s(2657)----s(2679)--s(2696)s(2718)s(2461)-s(2478)-s(2456)-s(2477)s(2487)-s(2445)s(2447)-s(2461)--s(2434)-s(2445)s(2434)s(2452)s(2477)-s(2434)s(2436)s(2452)-s(2468)s(2484)s(2499)s(2521)-----s(2511)---s(2527)--s(2506)s(2491)-s(2505)s(2524)s(2544)s(2563)s(2521)s(2535)--s(2557)-s(2582)----s(2596)s(2612)s(2484)s(2502)s(2516)s(2451)-s(2465)s(2481)-s(2502)s(2521)16-------------------s(2510)s(2520)------------s(2517)-s(2526)-s(2546)s(2558)s(2511)s(2527)-s(2546)-s(2563)-s17(2586)----------------------s(2382)----------------------------s(2156)--------------s(2129)--s(2150)s18(2162)s(2098)--------------------------19--s(2027)----s(2030)s(2036)-------------------s(1960)------20------------------------s(1944)------------s(1947)-------------s(1885)------------21----------------s(1874)s(1887)-------------s(1852)-s(1870)-s(1883)---------------------------22----------s(1845)s(1851)-s(1858)-----------------------------------------------s(1815)--23-s(1809)s(1803)s(1812)s(1813)-s(1828)s(1841)s(1850)s(1867)--------------------------------------------------------s(1816)-s24(1833)-----------s(1826)s(1842)---s(1854)s(1863)-s(1879)s(1888)-s(1908)s(1920)--------------------(1900)------------------------------------------------------------------------------------------s(1823)s(1775)25----s(1785)--s(1797)-s(1808)s(1820)s(1810)-s(1826)s(1845)--s(1854)------------------------------------------------------(1800)------------------------------s(1771)--------------------s(1571)---------------26-s(1567)--s(1556)-s(1571)-s(1584)-s(1594)s(1610)--s(1607)-s(1617)----s(1625)s(1638)----s(1576)------------s(1470)s(1478)-------------s(1460)------------------------------------------------------------(1400)---------------------------s(1378)--------s(1357)27-s(1356)---s(1365)----------s(1355)---------------------------s(1346)-------s(1308)--------(1300)------------------------------------------------28-----s(1259)s(1267)------s(1269)----s(1272)---s(1279)---------------------s(1256)------s(1253)--s(1263)-----------s29(1233)---------s(1236)----s(1202)--(1200)s(1209)s(1219)---30----------------(1200)---------s(1204)s(1205)s--s(1214)31------s(1222)---------------32-------(1200)--------------s(1190)---s33(1193)--------------------------------------------------s34(1159)---s(1166)s(1064)------s(1026)s35(1019)-----s(1015)--s(1023)s(1032)-s(1033)-s(1045)--s(1058)s(1073)s(1063)s36(1073)------s(1067)s(1073)----------s(1072)s(1082)s(1071)-s(1082)-s(1088)-s(1052)37--------------------s(1018)--s38(1022)s(950)-----------s(941)s(938)s(946)39-s(949)s(957)--------s(949)s(921)--s(927)---s(935)s(947)--s(957)----------s40---s(944)s(932)---s(931)s(941)-----s(950)--s(962)s(930)-s(903)--s(902)s(859)------s41(852)------------------------s(820)-s(825)-s(833)-s(796)----42-s(795)-s(792)s(798)s(802)s(808)s(813)s(818)s(823)s(826)---s(830)s(838)s(844)s(853)----s(845)-------------------------s(731)-s(740)-43--------s(738)s(745)------------s(740)-------------s(739)s(751)s(759)-----s(742)--s(748)-------s(736)--s(703)s(712)s(672)--s44(670)---------s(646)-s(656)s(666)s(677)s(688)s(697)s(689)---s(697)--s(706)s(707)----s(682)s(671)---s(675)----s(671)-------s(667)---45------s(669)-----s(658)------------s(652)s(663)--s46(669)-----s(655)s(643)-------s(640)-s(638)------s(643)--47-------s(576)-------s(558)----s(556)-s(560)-s(530)48---s(526)---------------s(474)-s(480)49-------------s(474)-----------s50(472)--s(461)-s(465)-------------s(432)s51------------52---s(403)---(400)-----------s(393)-------s(391)--s(392)-53-s(382)--s(354)---------s(346)--s(345)----------s54(337)-----------s(323)---s55(308)--------(300)------56----------57------------58----------------59----------------------------60---------61----------62---------(200)-------s63(168)-------------64--------------------------------s(123)s(111)65-----------(100)---------------------66------------------67----------------------------68-------69------------70----------71--72--
product criterion:297316 chain criterion:348659
x_79,
x_78+1,
x_77+x_78+1,
x_76+1,
x_75,
x_74+x_76+1,
x_73,
x_72+1,
x_71+1,
x_70,
x_69+1,
x_68+1,
x_67,
x_66,
x_65,
x_64,
x_63+x_76,
x_62,
x_61,
x_60,
x_59,
x_58,
x_57+1,
x_56,
x_55+x_57+1,
x_54+1,
x_53+1,
x_52+1,
x_51+1,
x_50+1,
x_49+x_76,
x_48+x_75+1,
x_47+x_70+x_73+x_74,
x_46+x_70+x_72+1,
x_45+x_70+1,
x_44+x_70,
x_43+x_69+x_70+1,
x_42+x_67+x_69+1,
x_41+1,
x_40+x_67,
x_39,
x_38+x_40+x_67+1,
x_37+x_74+x_76,
x_36+x_63,
x_35+x_51+1,
x_34+x_61,
x_33+x_48+x_75,
x_32+x_59+1,
x_31+x_44+x_72,
x_30+1,
x_29+x_59,
x_28+x_31,
x_27,
x_26+1,
x_25+1,
x_24,
x_23,
x_22+x_37+x_74+x_76,
x_21,
x_20+x_46+x_47,
x_19,
x_18+x_31+x_46+1,
x_17+1,
x_16+x_55+x_60,
x_15+1,
x_14+x_15,
x_13+1,
x_12+1,
x_11,
x_10+x_73,
x_9,
x_8+x_35,
x_7+x_33+x_37+x_69+1,
x_6+x_31+x_33,
x_5+x_31+x_33,
x_4+x_7+x_33+x_37+x_46+1,
x_3+x_71,
x_2+x_29,
x_1+x_28,
x_0+x_25+x_26+1
> 

