                     SINGULAR                                 /  Development
 A Computer Algebra System for Polynomial Computations       /   version 4.4.0
                                                           0<
 by: W. Decker, G.-M. Greuel, G. Pfister, H. Schoenemann     \   Apr 2024
FB Mathematik der Universitaet, D-67653 Kaiserslautern        \
> string cmd = read("gb_1373_f19013878047bde2e01c.sing");
> execute(cmd);
std in (ZZ/2),(x_0,x_1,x_2,x_3,x_4,x_5,x_6,x_7,x_8,x_9,x_10,x_11,x_12,x_13,x_14,x_15,x_16,x_17,x_18,x_19,x_20,x_21,x_22,x_23,x_24,x_25,x_26,x_27,x_28,x_29,x_30,x_31,x_32,x_33,x_34,x_35,x_36,x_37,x_38,x_39,x_40,x_41,x_42,x_43,x_44,x_45,x_46,x_47,x_48,x_49,x_50,x_51,x_52,x_53,x_54,x_55,x_56,x_57,x_58,x_59,x_60,x_61,x_62,x_63,x_64,x_65,x_66,x_67,x_68,x_69,x_70,x_71,x_72,x_73,x_74,x_75,x_76,x_77,x_78,x_79),(dp(80),C)
[65535:21]2(1452)s(1451)s(1450)s(1449)s(1448)s(1447)s(1446)s(1445)s(1444)s(1443)s(1442)s(1441)s(1440)s(1439)s(1438)s(1437)s(1436)s(1435)s(1434)s(1433)s(1432)s(1431)s(1430)s(1429)s(1428)s(1427)s(1426)s(1425)s(1424)s(1423)s(1422)s(1421)s(1420)s(1419)s(1418)s(1417)s(1416)s(1415)s(1414)s(1413)s(1412)s(1411)s(1410)s(1409)s(1408)s(1407)s(1406)s(1405)s(1404)s(1403)s(1402)s(1401)s(1400)s(1399)s(1398)s(1397)s(1396)s(1395)s(1394)s(1393)s(1392)s(1391)s(1390)s(1389)s(1388)s(1387)s(1386)s(1385)s(1384)s(1383)s(1382)s(1381)s(1380)s(1379)s(1378)s(1377)s(1376)s(1375)s(1374)s(1373)s4(1372)s(1375)s(1378)s(1382)s5(1385)s(1389)s(1393)s(1397)s(1401)s(1406)s(1411)s(1415)s(1421)s(1425)s(1429)s(1433)s(1437)s(1442)s(1447)s(1451)s(1455)-s(1461)s(1469)s(1475)s(1487)s(1500)-s(1514)s(1529)s6(1540)-s(1544)s(1549)--s(1553)s(1558)-----s-s(1564)---s(1568)-s(1575)-s(1583)-s(1591)------------ss(1605)---s(1608)s(1614)-s(1619)s(1627)-s(1633)s(1639)s(1650)s(1663)---------s(1671)s(1688)---------s(1696)s(1717)s(1722)s(1727)s(1732)s(1737)--------------s(1739)s(1762)s(1778)s(1801)-(1800)-s(1703)-s(1725)s(1738)s(1751)s(1767)-s(1787)s(1805)-s(1818)s(1830)s(1850)s(1870)-----s(1872)s(1892)s(1901)-(1900)s(1919)--s(1943)s(1958)s7(1986)--------------------------------------------------------------------------------------(1900)----------------s(1902)--(1900)--------s(1913)-------------(1900)-----------------s(1906)s(1928)----s(1939)s(1954)s(1967)s(1980)----------s(1993)s(2016)---s(2036)s(2059)--------------ss(2073)---s(2088)s(2106)------(2100)-------s(2112)s(2131)s(2142)s(2160)s(2170)---s(2176)s(2195)s(2214)-s(2231)s(2249)------------s(2255)-s(2263)----s(2276)--s(2295)s(2316)-s(2336)s(2356)------s(2381)s(2410)---s(2424)s(2437)-------------------------s(2422)s(2432)s(2442)s(2452)--------s(2476)-s(2519)s(2320)--s(2329)s(2345)----s(2361)-s(2376)s(2405)-s(2455)s8(2506)s(2379)s(2266)------------------------------------------s(2240)--s(2254)s(2264)s(2274)-----------------s(2288)s(2316)-s(2341)--s(2371)s(2400)-s(2425)------------------------s(2427)---------s(2439)----s(2456)--s(2480)-------s(2496)----s(2514)--------------(2500)---------------------s(2506)--s(2531)-------------------s(2539)--s(2549)s(2559)-s(2571)s(2584)--s(2594)s(2604)-s(2616)s(2629)---s(2653)s(2668)----s(2679)-------s(2682)s(2690)------s(2695)s(2706)--s(2713)s(2722)----------s(2730)----s(2744)---s(2770)---------s(2787)---------s(2815)---s(2834)s(2855)---s(2874)s(2895)--------------s(2896)s(2911)s(2927)s(2943)---s(2962)s(2984)s(3023)s(3062)----------------s(3063)--s(3107)s(3153)-s(3194)s(3230)s(3271)s(3310)s(3338)s(3388)s(3434)-s(3474)s(3553)s(3554)-------s(3580)s(3640)-----s(3651)s(3699)s(3751)--s(3805)s(3861)s(3909)s(3957)s(4008)s(4055)s(4004)s(4037)--s(4105)-----(4100)------s(4129)s(4158)s(4194)s(4225)s(4264)s(4293)s(4201)s(4220)s(4235)9-s(4184)s(4186)---------------------s(4240)s(4313)s(4390)---s(4460)s(4538)s(4620)s(4604)s(3810)s(3797)s(3844)s(3884)s(3928)----------------------------(3900)----s(3929)s(3962)s(4004)s(4048)------------------------s(4059)s(4094)s(4141)s(4176)------------------s(4198)s(4237)s(4136)---------------------------------s(4134)s(4162)-------s(4186)s(4214)---------s(4240)s(4272)-s(4306)s(4338)-------------------------------ss(4366)------------------s(4367)--s(4384)--------------s(4401)s(4429)--------s(4471)s(4488)s(4499)s(4517)s(4535)s(4547)s(4559)-----s(4605)s(4622)s(4633)s(4651)s(4669)s(4681)s(4693)---s(4704)--s(4757)s(4812)------------(4800)--------------------------------------------------s(4769)-----------------------------s(4785)--------s(4810)----------(4800)-------------s(4806)------(4800)-----s(4822)-s(4860)--------s(4882)-----------------------------------------s(4879)s(4918)-s(4962)s(5005)--s(5039)s(5078)-s(5122)s(5165)s(5199)s(5246)s(5291)s(5329)s(5377)s(5423)----s(5467)s(5491)--s(5516)s(5541)s(5577)s(5613)---------s(5638)-------s(5665)----------s(5699)--s(5748)--s(5770)s(5794)s(5816)s(5838)s(5862)s(5886)s(5908)s(5930)s(5958)s(5981)--s(6019)s(6069)s(6090)s(6109)s(6128)s(6145)s(6151)s(6156)-s(6158)------s(6168)s(6184)s(6210)-----s(6227)--s(6190)---s(6193)s(6216)--------------s(6245)s(6287)s(6342)s(6397)s(6449)s(6500)---------------s(6514)s(6547)s(6577)s(6609)s(6637)s(6670)s(6704)s(6735)s(6766)-------s(6846)-s(6959)s(7046)s(7075)s(7222)-s(7261)s(7309)-s(7338)s(7367)-s(6117)-----s(6155)s(6209)--s(6242)-s(6231)-s(6271)s(6268)-s(6321)s(6116)-s(6146)--s(6151)s(6007)s(6065)s(5386)-s(5424)---s(5466)-s(5540)s(5579)--s(5625)s(5719)s(5746)s(5788)s(5846)s(5877)s(5872)s(5899)s(5926)10--s(5034)s(4483)--------------------------s(4456)-----s(4449)s(4447)----------------s(4480)s(4529)s(4578)s(4590)---------------------------s(4568)s(4573)--------s(4572)s(4580)---s(4597)---------s(4608)--------(4600)------------s(4606)s(4624)------------------------(4600)---------------------------------------------------------------------------------------------s(4522)s(4537)-s(4551)s(4566)-----------s(4579)s(4603)---(4600)--------------s(4603)s(4620)--s(4636)s(4654)-s(4674)s(4695)s(4716)s(4737)-------------------------------------(4700)-s(4731)s(4763)---------------------s(4760)s(4778)--s(4795)s(4814)-s(4834)s(4855)s(4876)s(4897)-------------------------------s(4917)s(4952)s(5019)s(5062)-----------s(5058)s(5069)s(5099)s(5129)------------------s(5161)s(5196)s(5262)s(5305)-----(5300)----------s(5298)s(5310)s(5340)s(5370)-------------s(5378)--s(5425)s(5474)---------s(5516)s(5567)------s(5578)s(5609)s(5639)----s(5664)--s(5708)s(5747)s(5763)s(5778)s(5795)s(5811)--s(5826)s(5842)----s(5855)s(5871)s(5874)----s(5861)----s(5852)s(5899)s(5946)----s(5991)s(6040)-s(6090)s(6142)--s(6192)s(6244)-s(6274)--s(6330)s(6381)s(6400)s(6418)s(6438)s(6457)--s(6475)s(6494)----s(6510)s(6529)s(6541)----s(6510)----s(6504)s(6540)s(6576)s(6635)s(6666)s(6697)s(6728)------------------s(6734)s(6758)s(6801)s(6828)s(6858)s(6888)s(6943)s(6974)----s(7006)s(7042)--s(7065)s(7090)------------s(7115)s(7152)s(7183)s(7220)s(7257)s(7308)-s(7354)s(7402)s(7442)--s(7482)s(7532)s(7581)-s(7620)s(7660)--s(7703)s(7770)s(7827)--s(7860)s(7880)--s(7782)-------------s(7831)s(7894)s(7948)s(8019)s(8092)s(8186)s(8282)s(8356)s(8430)-------s(8466)s(8511)s(7524)s(7580)s(7636)s(7685)s(7746)-s(7798)s(7882)s(7914)--s(7954)------s(7980)s(8075)s(8105)s(8158)s(8184)s(8239)s(8271)s(8304)s(8371)s(8356)-s(8415)-s(7439)-s(7490)-s(7532)--s(7579)s(7638)-s(7705)s(7789)-s(7863)s(7933)s(7972)--s(7891)--s(7964)-s(8051)-s(8080)s(8117)s(8161)s(8252)-s(8336)s(8135)s(8172)s(8241)--s(8318)s(7957)s(7913)-s(7969)s(8014)-s(8078)s(8171)s(8200)s(7980)s(7566)s11(5885)-s(5003)s(3994)---------s(3998)s(4011)-s(3901)-(3900)------------s(3815)-s(3587)-s(3429)--s(3291)--------------------------------------s(3281)s(3309)----s(3336)s(3367)-------------------------s(3375)-s(3404)s(3434)----s(3459)s(3488)---------------------s(3501)-(3500)s(3525)s(3550)----s(3576)s(3606)------(3600)----------------s(3617)s(3647)s(3681)s(3712)------------(3700)---s(3730)s(3760)s(3794)s(3825)-------------------------(3800)------------s(3808)s(3822)s(3842)s(3856)----------------------------------s(3841)s(3855)s(3874)s(3888)------s(3903)--s(3934)-s(3955)s(3986)s(4010)s(4042)s(4066)-s(4091)s(4123)s(4151)s(4186)s(4222)s(4260)-s(4289)s(4319)-s(4354)s(4390)-s(4456)s(4523)s(4590)s(4657)-s(4689)-s(4721)s(4784)s(4849)--s(4913)s(4979)--s(5012)s(5077)s(5144)--s(5209)s(5276)--------s(5292)-----s(5316)--s(5350)s(5416)s(5482)---s(5518)s(5586)s(5654)----------s(5676)---s(5731)---------s(5765)s(5804)s(5822)-s(5798)s(5839)s(5865)s(5796)s(5825)-s(5803)s(5854)s(5877)s(5865)-s(5887)s(5921)s(5954)s(5976)s(6034)s(6022)s(6058)-s(6117)s(6159)----s(6226)-----------s(6240)----s(6279)---s(6311)--s(6365)s(6399)s(6453)s(6485)s(6480)s(6547)------s(6300)s(6339)-s(6369)-s(6409)--s(6432)s(6357)s(6383)s(6416)s(6383)-s(6413)-s(6436)--s(6460)s(6498)s(6521)s(6560)s(6579)--s(6642)s(6709)s(6734)s(6757)s(6727)--s(6782)---s(6825)s(6849)s(6896)s(6936)-s(6967)s(7006)-s(6986)-s(7011)s(7035)s(7073)---s(6872)----s(6915)s(6989)s(7045)---s(7082)-s(7115)s12(7148)-s(7141)--s(7133)s(7101)s(6996)-s(6031)s(6039)--s(5907)-------(5900)---------s(5200)-----------------------s(5228)s(5283)--------s(5328)--s(5380)s(5434)-------------s(5475)s(5530)--s(5583)s(5638)-------------s(5681)--s(5736)s(5793)-----------------s(5833)s(5892)--s(5946)s(6002)--(6000)-------s(5990)s(5987)------------------------------------------------------------s(5983)--s(6025)s(6065)s(6117)s(6149)-s(6180)s(6218)----s(6249)s(6288)-----s(6313)-s(6343)---s(6380)s(6420)s(6466)s(6512)-s(6551)s(6591)s(6637)s(6683)-------s(6711)s(6755)s(6775)---s(6802)s(6840)s(6881)s(6922)s(6968)s(7007)s(7054)-s(7094)s(7143)s(7168)s(7205)-s(7247)s(7290)-s(7337)s(7385)--s(7424)s(7507)s(7590)---s(7630)s(7716)s(7802)--(7800)--s(7839)s(7876)s(7917)-s(7954)s(8001)s(8036)s(8120)s(8204)-s(8243)s(8292)s(8329)s(8416)s(8503)s(8526)----------s(8539)--s(8572)-s(8608)-s(8648)s(8689)s(8736)s(8783)s(8804)s(8834)s(8867)-s(8886)s(8906)s(8932)s(8958)s(8893)-s(8897)-s(8900)-s(8902)s(8910)--s(8946)s(8986)s(9013)s(9045)------s(9072)s(9103)s(9142)s(9181)-s(9204)----(9200)-s(9224)s(9263)-s(9291)s(9336)s(9381)-s(9418)s(9471)s(9524)--s(9552)s(9592)-s(9623)s(9670)s(9717)-s(9756)s(9811)s(9866)--------s(9887)s(9917)s(9953)s(9993)--------s(10018)s(10054)s(10091)s(10130)s(10175)s(10215)s(10298)s(10381)s(10464)s(10547)s(10636)s(10725)s(10817)s(10909)--s(10991)s(11075)s(11159)s(11243)s(11333)s(11423)s(11516)s(11609)--s(11646)s(11690)--s(11725)s(11765)--------------s(11790)s(11831)----------------------s(11863)s(11912)--s(11946)s(11984)----s(12014)s(12051)--------s(12079)s(12118)----------------s(12151)s(12195)-s(12225)-----------------s(12257)s(12301)-(12300)s(12337)-s(12411)----s(11261)--s(11306)------(11300)--------------s(11330)s(11353)s(11417)s(11455)s(11494)s(11591)-s(11614)s(11688)--s(11717)s(11778)s(11832)s(11895)s(11975)s(12021)s(12047)s(12111)---s(12198)-s(12253)s(12275)s(12368)---s(12362)-s(12432)s(12453)s(12475)--s(12555)s(12546)-s(12549)--s(12518)-s(11916)-s(11894)---s(8144)--s(8165)--s(8222)-s(8284)s(8313)s(8360)s(8453)s(8461)-s(8501)s(8469)-----s(8585)s(8673)s(8666)-s(8719)s(8784)s(8853)s(8885)-s(8764)----s(8832)--s(8853)-s(8859)-s(8901)s(8931)---s(8957)----s(9007)s(9037)s(8987)-s(9022)----------s(9065)s(9086)s(9112)s(9152)s(9217)s(9125)s(9169)s(9246)s(9266)---s(9248)s(9165)s(9258)s(9322)-s(9375)s(9366)s(9404)-s(9460)-s(9505)-----(9500)s(9538)s(9584)s(9610)s(9653)s(9702)s(9775)s(9870)s(9693)s(9772)s(9807)-----s(9797)-s(9783)--s(9821)s(9923)s(9984)s(10022)s(10047)s(10075)s(10113)-s(10181)s(10214)s(10292)s(10353)s(10371)s(10469)s(10510)-s(10549)s(10601)s(10677)--s(10749)-------s(10793)----------s(10874)----s(9736)s(9766)----------s(9803)--s(9789)-s(9805)s(9753)--s(9799)s13(9749)--s(9751)s(9562)s(9572)------------s(8798)----s(8812)-s(8821)-s(8842)--s(8849)s(8864)----s(8866)s(8871)-s(8820)s(8840)-----------------------------s(8620)s(8428)s(8160)s(7890)--s(7917)s(7945)------------------s(8071)-------s(8184)-s(8302)--(8300)--s(8438)--s(8553)---s(8687)---s(8803)s(8922)----------------------(8900)-----s(9016)---s(9126)--s(9245)--s(9365)s(9487)s(9634)s(9780)--s(9901)s(10024)------------------------(10000)----s(10050)s(10078)s(10040)s(9981)--s(10030)-s(10072)---s(9913)-------------(9900)---s(9933)s(9971)----s(10003)s(10037)-s(10072)-s(10106)------(10100)----------------s(10118)-s(10151)--------------------s(10166)--s(10199)----------s(8854)-s(8268)s(8293)s(8332)----------s(8378)s(8434)--s(8487)s(8542)------s(8593)s(8650)--s(8704)s(8760)s(8781)s(8820)s(8843)s(8866)----s(8886)s(8910)------s(8932)s(8960)s(8990)s(9019)-----s(9042)s(9070)-s(9098)s(9127)-s(8589)-s(8467)s(8495)s(8533)--s(8566)s(8606)------(8600)-s(8633)-s(8688)s(8744)--s(8797)s(8852)-----s(8883)-s(8939)s(8996)--s(9050)s(9106)--s(9134)s(9174)s(9208)s(9250)s(9271)s(9304)s(9329)s(9362)s(9414)s(9466)s(9518)s(9570)s(9622)s(9674)s(9726)s(9778)s(9836)s(9894)s(9952)s(10010)s(10070)s(10130)s(10190)s(10250)----s(10298)s(10350)s(10403)s(10456)s(10508)s(10560)s(10613)s(10666)s(10725)s(10784)s(10843)s(10902)s(10963)s(11024)s(11085)s(11146)----s(11171)s(11205)s(11247)s(11289)--s(11353)s(11420)--------------------(11400)--------------------------------s(11427)s(11487)--s(11544)s(11604)--s(11663)s(11725)s(11757)s(11793)s(11836)s(11878)----------------s(11880)-s(11902)-s(11931)-s(11961)---s(11997)s(12036)------------------------------------(12000)----------------s(12044)s(12105)-----(12100)---------s(12125)s(12159)----------------------s(12198)s(12260)--------------s(12281)s(12316)--------s(12382)s(11342)s(11310)s(11299)-s(11358)---------------s(10521)-s(10589)s(10516)s(10680)s(10756)s(10842)s(10923)---s(10461)s(10489)s(10530)--s(10553)--s(10614)----s(10407)s(10476)---s(10503)--s(10544)---s(10580)-s(10592)s(10565)s(10591)-s(10677)-s(10717)s(10520)-s(10569)-s(10470)s(10376)s(10403)---(10400)----s(9749)------------s(9766)s(9794)---s(9743)s(9422)s(9492)s(9546)s(9627)s(9698)s(9759)s(9808)s(9842)s(9869)s(9929)s(9967)s(9932)s(9973)---s(9967)s(10027)ss(10151)s(10201)s(10183)s(9952)s(9993)s(10008)-s(10116)--s(7060)---s(7098)s(7107)---s(7143)s(7174)s(7193)------s(7232)--s(7277)s(7222)s(7285)-------s(7293)---s(2529)s(2549)-s(2568)s(2602)s(2618)s(2649)s(2668)s(2689)s(2644)----s(2663)-s(2619)s(2644)--s(2615)--s(2645)s(2642)s(2661)s(2684)s(2681)---s(2678)s(2700)s(2725)s(2754)s(2779)---s(2796)s(2819)s(2835)s(2720)s(2693)s(2712)-s(2709)-s(2733)s(2761)s(2778)s(2805)s(2830)s(2862)ss(2856)s(2785)-s(2693)----s(2716)s(2657)---s(2673)s(2686)s(2705)-s(2727)s(2747)s(2776)s(2796)--s(2822)s(2787)----s(2790)-s(2808)s(2829)s(2852)--s(2877)---------s(2818)---s(2837)-------s(2809)s(2829)s(2724)s(2745)-s(2770)--s(2719)s(2735)s(2761)s(2756)-s(2781)s(2590)s(2576)--s(2604)-s(2596)-s14(2617)------------s(2595)------------------s(2588)-----s(2595)---s(2606)-s(2618)--------s(2620)-----s(2627)------s(2630)s(2641)--s(2359)----------------s(2218)s(2177)-------------------------------------------------------------s(2141)s(2166)s(2196)------s(2205)----s(2225)-------------s(2232)-s(2250)s(2271)-s(2105)s(2121)s(2137)-s(2154)s(2177)s(2187)s(2215)-----s(2190)-s(2210)-s(2232)--s(2203)s(2066)------s(2087)-s(2108)s(2106)s(2117)s(2137)-s(2142)---s(2164)---s(2186)----s(2188)s(2166)-s(2178)-------s(2200)-s(2211)s(2237)-----s(2252)s(2248)s(2222)s(2251)s(2280)s(2305)-----(2300)-s(2302)-s(2312)--s(2313)--s(2336)-s(2335)s(2341)-s(2343)-------s(2360)s(2377)s(2393)s(2315)-s(2333)s(2350)s(2366)--s(2374)s(2320)s(2342)s(2374)-s(2380)s(2398)---s(2037)s(2064)s(2086)-s(2096)---s(2114)s(2125)-s(2142)s(2160)s(2148)-s(2165)-s(2154)-----s(2160)--s(2182)----s(2146)s(2158)-s(2176)--s(2199)s(2155)s(2163)--s(2162)s(2153)s(2164)s(2133)-s(2149)------s(2160)s(2175)s(2067)s(2060)--s(2077)s(2060)--s(2082)s(1943)---s(1954)----s(1967)-s(1982)--s(1991)-----s(1987)s(1956)s(1977)-s(1961)s(1983)s(2002)s(2025)s(2044)------s(2054)-s(2052)-----s(2057)15-------------s(2059)s(2072)--------------------------------------------------s(1941)-----------------------------------------(1900)------------------------------------------------------------s(1829)s(1840)-------s(1845)s(1870)---s(1872)s(1755)-s(1771)--------s(1773)s(1795)-s(1813)----s(1821)s(1842)-------s(1848)--s(1741)----s(1764)--s(1779)----s(1797)s(1817)s(1838)-s(1851)s(1866)s(1855)-s(1841)s(1749)-s(1675)s(1693)-s(1677)-----s(1648)s(1669)s(1672)--s(1651)--s(1658)s(1643)s(1658)s(1661)------------s(1664)s(1672)s(1689)s(1702)-s(1713)s(1727)---s(1603)---(1600)-s(1610)--s(1600)-------s(1607)-s(1621)-16--------------------(1600)----------------------------------------------------------------------------s(1539)---------s(1546)s(1561)-s(1578)s(1596)s-s(1608)-s17(1610)s(1517)----s(1342)------------------------s(1340)s(1362)s(1384)s(1380)--------s(1388)s(1403)---(1400)s(1372)------s18(1373)--s(1371)-----------------------------------s(1347)-s(1345)---19-s(1352)s----------s(1349)s(1146)-s(1144)------------------------s20(1133)--------------------s(1113)----------s(1105)-----(1100)---s(1109)---------(1100)-----s(1072)----s21(1061)s(1074)s(1086)-s(1090)-s(1101)s(1108)--------(1100)-------------------s(1088)------s(1087)s(1084)--ss(1083)22--------------------------------------s(1058)---ss(1060)s(1063)----s(1070)s23(1081)----------s(1084)s(1098)s(1111)---s(1123)-s(1136)s(1144)s(1157)s(1170)s(1185)-s(1197)------------------------24--s(1179)----------------------s(1171)-s(1185)----s(1195)s(1207)s(1220)s(1235)s(1248)s(1262)s(1277)s(1292)s(1306)------(1300)-----------------s(1295)--------s(1276)---s(1289)s(1300)-----------25--------------------------------------------------------------s(1242)-s(1254)------------------------s(1244)s(1259)-----s(1268)----------------------------------s(1248)------------------------------------------------(1200)------------------------------------------------s(1160)s(1169)s(1177)-s(1201)s(1224)s(1234)-------26---------------------------(1200)---------------------------------------------------------27--s(1152)s(1157)--s(1144)--------s28(1141)s(1151)s(1161)---------------29------s(1141)-s(1137)---s(1138)s(1142)s(1159)---------s(1103)---(1100)----------------------------------------s(1054)----------------------30--s(1030)---s(1033)s(1047)----s(1058)-s(1055)---s(1056)s(1059)-s(1073)-------------------------------s(982)-------------------------s(955)----------s(962)--------------31-----------------s(937)--s(949)s(962)-s(965)-s(979)s(993)----------------s(992)-------------------s(989)---------s(895)s(907)-------(900)---s(903)---(900)-----------------------s(884)ss(887)------32-----------s(883)s(896)--------------s(895)s(908)s(921)---------------------(900)-------------s------------------s(895)----------s(900)----------s(887)--s(871)--s(836)--s(813)----s(818)s(795)--s(805)s33(812)--s--s(761)s(759)-------------------------------s(737)---------------s(728)------s(719)s(721)-s(726)---s(732)-------s(722)----s(728)--s(736)s(740)-s(710)--s(716)-s(715)s(728)---------------34--s(709)-s(705)--s(711)-s(714)-s(717)---s(721)-------------------s(704)----(700)----s-------s(701)-(700)s(680)s(670)s(675)s(686)------s(691)s(703)---(700)-------s(702)s(716)------s(726)s(736)s(745)s(759)------s(768)s(778)35---s(783)s(796)s(803)---(800)----s(805)--s(811)s(819)s(832)----s(835)---------s(839)s(847)----------s(844)-s(855)--s(801)-(800)s(810)s(807)--s(783)-----------s(781)-------------s(777)------s(736)s(718)s(680)-s(690)-36----------s(686)s(662)-----------s(658)s(665)--s(663)----s(651)---s(630)-------s(570)---------s(562)---------s(537)--s(534)---------------s(492)--s(488)------------------37-----------s(465)--s(471)s(476)s(484)--s(490)-s(497)-s(507)s(518)s(525)----------s(524)-s(472)---------s(463)-------------s(436)-------38----------s(421)-----s(423)--------ss(431)-------------------------------(400)-s(399)-----------------39-s(382)s(379)------s(378)s(383)-------s(379)---s(359)----s(323)---s(326)--s(318)------s(315)-s(317)-----------------(300)--------------s(286)--------------------------------------------------------40---s(211)-----------(200)----------------------s(178)--------------41-----------------------------------------s(127)-------------------s(114)42-------s(111)-----------(100)----------------------------43----------------s(61)-----------44--------------------s(35)-------45-s(33)s(34)s(37)s(40)---s(43)-s(47)--s(51)-------46-------------------------------------47-------
product criterion:240660 chain criterion:194667
x_79+1,
x_78+1,
x_73,
x_72+x_73+1,
x_71,
x_70+x_71,
x_69,
x_68,
x_66+1,
x_65+x_67,
x_64,
x_63,
x_62,
x_61+1,
x_60,
x_59+1,
x_58+1,
x_57+1,
x_56,
x_55+1,
x_54+x_71+1,
x_53,
x_52+x_77+1,
x_51+1,
x_50+x_77,
x_48+x_65+x_74,
x_47+x_48+x_65,
x_46+1,
x_45+x_54+x_69+x_71,
x_44+x_54+x_69,
x_43+x_59+x_70+1,
x_42+1,
x_41+x_71,
x_40+x_65+x_67,
x_38+x_65+1,
x_37,
x_36+x_57+1,
x_35+1,
x_34+x_61+1,
x_33+x_65+x_74+x_75+1,
x_32+x_57+x_59,
x_31,
x_30+x_57,
x_29+x_54,
x_28+1,
x_27+1,
x_26+x_68,
x_25,
x_24,
x_23+x_37,
x_21+x_65,
x_20+x_45+x_48+x_65,
x_19,
x_18,
x_17,
x_16+1,
x_15,
x_14+x_65+x_67,
x_13+x_16+x_40+x_41+1,
x_12+x_39,
x_11+x_31+x_51+x_52+x_74+x_75+1,
x_10,
x_8+x_35,
x_7+x_9+x_24,
x_6+x_33,
x_5+x_11+x_31+x_33+x_51+x_52+x_54+x_65+x_71+1,
x_4+x_31+x_54,
x_3+1,
x_2+x_28+x_54+1,
x_1+x_28+x_37+x_68,
x_0+x_42,
x_77^2+x_77,
x_76*x_77+x_51+x_78,
x_67*x_77+x_74*x_77+x_67+x_74+x_77+1,
x_49*x_77+x_49+x_77+1,
x_76^2+x_76,
x_75*x_76+x_76,
x_74*x_76+x_76,
x_67*x_76,
x_49*x_76+x_76,
x_39*x_76,
x_75^2+x_75,
x_74*x_75+x_49+x_76+1,
x_67*x_75+x_75*x_77+x_49+x_67+x_74+x_75+x_76+x_77,
x_49*x_75+x_75*x_76+x_49+x_75+x_76+1,
x_39*x_75+x_39,
x_74^2+x_74,
x_67*x_74+x_67*x_77,
x_49*x_74+x_74*x_76+x_49+x_74+x_76+1,
x_39*x_74+x_39*x_75+x_39*x_77+x_39,
x_67^2+x_67,
x_49*x_67+x_49+x_74+x_77,
x_39*x_67+x_39+x_65+x_67,
x_49^2+x_49,
x_39*x_49+x_39*x_77+x_39,
x_39^2+x_39,
x_22^2+x_22,
x_9^2+x_9
> 

